<?xml version="1.0" encoding="utf-8"?><testsuites name="pytest tests"><testsuite name="pytest" errors="0" failures="0" skipped="0" tests="3" time="1.916" timestamp="2026-08-28T12:58:51.223330+00:00" hostname="agent-env-71849726-4dd9-41f5-9bb0-b21d77666ffc"><testcase classname="tests.test_iteration3_smoke" name="test_auth_demo_ok" time="0.293" /><testcase classname="tests.test_iteration3_smoke" name="test_signals_ok" time="0.137" /><testcase classname="tests.test_iteration3_smoke" name="test_chat_once_returns_nonempty_reply" time="1.145" /></testsuite></testsuites>