<?xml version="1.0" encoding="utf-8"?><testsuites name="pytest tests"><testsuite name="pytest" errors="0" failures="0" skipped="0" tests="4" time="0.728" timestamp="2026-08-30T11:09:56.552137+00:00" hostname="agent-env-71849726-4dd9-41f5-9bb0-b21d77666ffc"><testcase classname="tests.test_greeting_tts.TestTTSAudio" name="test_tts_mp3_returns_audio" time="0.343" /><testcase classname="tests.test_greeting_tts.TestGuardianGreeting" name="test_greeting_returns_tts_url" time="0.310" /><testcase classname="tests.test_greeting_tts.TestGuardianGreeting" name="test_greeting_is_deterministic" time="0.108" /><testcase classname="tests.test_greeting_tts.TestTTSAudio" name="test_tts_missing_key_returns_404" time="0.051" /></testsuite></testsuites>