<?xml version="1.0" encoding="utf-8"?><testsuites name="pytest tests"><testsuite name="pytest" errors="0" failures="0" skipped="0" tests="11" time="26.458" timestamp="2026-08-30T12:02:28.797522+00:00" hostname="agent-env-71849726-4dd9-41f5-9bb0-b21d77666ffc"><testcase classname="tests.test_iteration12_security.TestChatOnce" name="test_chat_too_long_returns_422" time="0.224" /><testcase classname="tests.test_iteration12_security.TestGuardianVoiceLines" name="test_greeting_returns_url_and_text" time="0.221" /><testcase classname="tests.test_iteration12_security.TestGuardianVoiceLines" name="test_portal_intro_work_ok" time="0.045" /><testcase classname="tests.test_iteration12_security.TestChatOnce" name="test_chat_empty_returns_422" time="0.047" /><testcase classname="tests.test_iteration12_security.TestGuardianVoiceLines" name="test_portal_intro_bogus_404" time="0.044" /><testcase classname="tests.test_iteration12_security.TestChatOnce" name="test_chat_rate_limit_20_per_minute" time="25.763" /><testcase classname="tests.test_iteration12_security.TestGuardianVoiceLines" name="test_tts_mp3_serves_audio_mpeg" time="0.172" /><testcase classname="tests.test_iteration12_security.TestAuthDemoRateLimit" name="test_demo_rate_limit_triggers_429" time="0.643" /><testcase classname="tests.test_iteration12_security.TestCORSCredentialsOff" name="test_cors_credentials_not_true" time="0.018" /><testcase classname="tests.test_iteration12_security.TestPortalStatePayloadCap" name="test_small_payload_ok" time="0.054" /><testcase classname="tests.test_iteration12_security.TestPortalStatePayloadCap" name="test_large_payload_returns_413" time="0.060" /></testsuite></testsuites>