<?xml version="1.0" encoding="utf-8"?><testsuites name="pytest tests"><testsuite name="pytest" errors="0" failures="0" skipped="0" tests="3" time="0.784" timestamp="2026-08-28T23:57:18.819815+00:00" hostname="agent-env-71849726-4dd9-41f5-9bb0-b21d77666ffc"><testcase classname="tests.test_iteration4_smoke" name="test_auth_demo_ok" time="0.204" /><testcase classname="tests.test_iteration4_smoke" name="test_coordinate_evening_returns_actions" time="0.111" /><testcase classname="tests.test_iteration4_smoke" name="test_speak_cache_warm" time="0.162" /></testsuite></testsuites>