<?xml version="1.0" encoding="utf-8"?><testsuites name="pytest tests"><testsuite name="pytest" errors="0" failures="0" skipped="0" tests="5" time="0.775" timestamp="2026-09-12T20:57:33.838515+00:00" hostname="agent-env-71849726-4dd9-41f5-9bb0-b21d77666ffc"><testcase classname="tests.test_iteration17_regression.TestJudgeDemoScene" name="test_scene_1_returns_payload" time="0.135" /><testcase classname="tests.test_iteration17_regression.TestJudgeDemoScene" name="test_scene_url_streams" time="0.265" /><testcase classname="tests.test_iteration17_regression.TestSpeakLine" name="test_speak_line_returns_audio" time="0.204" /><testcase classname="tests.test_iteration17_regression.TestSpeakLine" name="test_speak_line_audio_file_reachable" time="0.185" /><testcase classname="tests.test_iteration17_regression.TestAuthDemo" name="test_demo_session_mint" time="0.067" /></testsuite></testsuites>