<?xml version="1.0" encoding="utf-8"?><testsuites name="pytest tests"><testsuite name="pytest" errors="0" failures="0" skipped="0" tests="18" time="1.730" timestamp="2026-08-31T23:25:54.471657+00:00" hostname="agent-env-71849726-4dd9-41f5-9bb0-b21d77666ffc"><testcase classname="tests.test_iteration14_judge_demo.TestRegression" name="test_greeting" time="0.217" /><testcase classname="tests.test_iteration14_judge_demo.TestJudgeDemo" name="test_scene_200[1]" time="0.287" /><testcase classname="tests.test_iteration14_judge_demo.TestRegression" name="test_portal_intro_work" time="0.048" /><testcase classname="tests.test_iteration14_judge_demo.TestRegression" name="test_portal_intro_unknown_404" time="0.052" /><testcase classname="tests.test_iteration14_judge_demo.TestJudgeDemo" name="test_scene_200[2]" time="0.072" /><testcase classname="tests.test_iteration14_judge_demo.TestAuthDemo" name="test_demo_login_ok" time="0.051" /><testcase classname="tests.test_iteration14_judge_demo.TestJudgeDemo" name="test_scene_200[3]" time="0.089" /><testcase classname="tests.test_iteration14_judge_demo.TestJudgeDemo" name="test_scene_200[4]" time="0.068" /><testcase classname="tests.test_iteration14_judge_demo.TestJudgeDemo" name="test_scene_200[5]" time="0.073" /><testcase classname="tests.test_iteration14_judge_demo.TestJudgeDemo" name="test_scene_200[6]" time="0.059" /><testcase classname="tests.test_iteration14_judge_demo.TestJudgeDemo" name="test_scene_200[7]" time="0.071" /><testcase classname="tests.test_iteration14_judge_demo.TestJudgeDemo" name="test_scene_0_404" time="0.059" /><testcase classname="tests.test_iteration14_judge_demo.TestJudgeDemo" name="test_scene_8_404" time="0.068" /><testcase classname="tests.test_iteration14_judge_demo.TestJudgeDemo" name="test_scene1_mentions_executive_product_review" time="0.055" /><testcase classname="tests.test_iteration14_judge_demo.TestJudgeDemo" name="test_scene2_mentions_metric_conflict" time="0.067" /><testcase classname="tests.test_iteration14_judge_demo.TestJudgeDemo" name="test_scene6_new_signal" time="0.060" /><testcase classname="tests.test_iteration14_judge_demo.TestJudgeDemo" name="test_tts_mp3_from_scene1" time="0.220" /><testcase classname="tests.test_iteration14_judge_demo.TestJudgeDemo" name="test_public_no_auth_needed" time="0.141" /></testsuite></testsuites>