<?xml version="1.0" encoding="utf-8"?><testsuites name="pytest tests"><testsuite name="pytest" errors="0" failures="0" skipped="0" tests="10" time="4.952" timestamp="2026-08-28T12:31:57.678779+00:00" hostname="agent-env-71849726-4dd9-41f5-9bb0-b21d77666ffc"><testcase classname="tests.test_iteration2_new.TestGuardianSpeak" name="test_speak_generates_and_caches_audio" time="3.803" /><testcase classname="tests.test_iteration2_new.TestMorningScenario" name="test_load_morning_scenario" time="0.309" /><testcase classname="tests.test_iteration2_new.TestMorningScenario" name="test_wellbeing_seeded_with_rough_night" time="0.068" /><testcase classname="tests.test_iteration2_new.TestMorningScenario" name="test_morning_signals_include_poor_recovery" time="0.066" /><testcase classname="tests.test_iteration2_new.TestMorningScenario" name="test_switch_back_to_evening" time="3.214" /><testcase classname="tests.test_iteration2_new.TestEveningRegression" name="test_evening_still_returns_six_actions_with_spoken_summary" time="0.194" /><testcase classname="tests.test_iteration2_new.TestEveningRegression" name="test_guardian_view_includes_morning_and_evening" time="0.364" /><testcase classname="tests.test_iteration2_new.TestGuardianSpeak" name="test_speak_invalid_coordination_id_returns_404" time="0.223" /><testcase classname="tests.test_iteration2_new.TestGuardianSpeak" name="test_get_tts_invalid_key_returns_404" time="0.067" /><testcase classname="tests.test_iteration2_new.TestCoordinateMorning" name="test_coordinate_morning_returns_four_actions_and_mutates" time="0.395" /></testsuite></testsuites>