<?xml version="1.0" encoding="utf-8"?><testsuites name="pytest tests"><testsuite name="pytest" errors="0" failures="0" skipped="0" tests="11" time="2.290" timestamp="2026-08-30T21:23:44.054822+00:00" hostname="agent-env-71849726-4dd9-41f5-9bb0-b21d77666ffc"><testcase classname="tests.test_iteration13_regression.TestSpeakLine" name="test_speak_line_unauth_401" time="0.230" /><testcase classname="tests.test_iteration13_regression.TestGuardianVoiceLines" name="test_greeting_shape" time="0.246" /><testcase classname="tests.test_iteration13_regression.TestGuardianVoiceLines" name="test_portal_intro_work" time="0.060" /><testcase classname="tests.test_iteration13_regression.TestSpeakLine" name="test_speak_line_authed_returns_url_text" time="1.199" /><testcase classname="tests.test_iteration13_regression.TestGuardianVoiceLines" name="test_portal_intro_bogus_404" time="1.121" /><testcase classname="tests.test_iteration13_regression.TestGuardianVoiceLines" name="test_tts_mp3_serves_audio_mpeg" time="0.145" /><testcase classname="tests.test_iteration13_regression.TestSpeakLine" name="test_speak_line_over_200_chars_returns_422" time="0.057" /><testcase classname="tests.test_iteration13_regression.TestScorecardImage" name="test_scorecard_image_unauth_401" time="0.115" /><testcase classname="tests.test_iteration13_regression.TestScorecardImage" name="test_scorecard_image_authed_returns_png" time="0.133" /><testcase classname="tests.test_iteration13_regression.TestAuthDemo" name="test_demo_returns_session_and_user" time="0.240" /><testcase classname="tests.test_iteration13_regression.TestCoreDemoFlow" name="test_coordinate_evening_and_morning" time="0.143" /></testsuite></testsuites>