<?xml version="1.0" encoding="utf-8"?><testsuites name="pytest tests"><testsuite name="pytest" errors="0" failures="0" skipped="0" tests="21" time="2.936" timestamp="2026-08-28T09:08:20.302949+00:00" hostname="agent-env-71849726-4dd9-41f5-9bb0-b21d77666ffc"><testcase classname="tests.test_staar_hub" name="test_root_alive" time="0.259" /><testcase classname="tests.test_staar_hub" name="test_community_events_returns_four" time="0.050" /><testcase classname="tests.test_staar_hub.TestPortalState" name="test_work_seeded_with_high_workload_and_six_tasks" time="0.343" /><testcase classname="tests.test_staar_hub.TestPortalState" name="test_other_portals_have_seeded_state[wellbeing]" time="0.104" /><testcase classname="tests.test_staar_hub" name="test_demo_reseed" time="0.201" /><testcase classname="tests.test_staar_hub.TestPortalState" name="test_other_portals_have_seeded_state[home]" time="0.058" /><testcase classname="tests.test_staar_hub.TestPortalState" name="test_other_portals_have_seeded_state[relationships]" time="0.056" /><testcase classname="tests.test_staar_hub" name="test_update_profile" time="0.144" /><testcase classname="tests.test_staar_hub.TestPortalState" name="test_other_portals_have_seeded_state[community]" time="0.057" /><testcase classname="tests.test_staar_hub.TestPortalState" name="test_other_portals_have_seeded_state[style]" time="0.096" /><testcase classname="tests.test_staar_hub" name="test_guardian_chat_once_returns_nonempty" time="1.572" /><testcase classname="tests.test_staar_hub.TestPortalState" name="test_other_portals_have_seeded_state[creativity]" time="0.346" /><testcase classname="tests.test_staar_hub.TestPortalState" name="test_task_toggle_persists" time="0.169" /><testcase classname="tests.test_staar_hub.TestGuardianSignals" name="test_signals_contain_work_event_stress" time="0.057" /><testcase classname="tests.test_staar_hub.TestGuardianSignals" name="test_signals_paused_when_cross_life_paused" time="0.229" /><testcase classname="tests.test_staar_hub.TestCoordinateEvening" name="test_coordination_produces_six_actions_and_mutates_state" time="0.349" /><testcase classname="tests.test_staar_hub" name="test_logout_invalidates_session" time="0.153" /><testcase classname="tests.test_staar_hub.TestAuth" name="test_demo_creates_user_and_session" time="0.000" /><testcase classname="tests.test_staar_hub.TestAuth" name="test_auth_me_with_token" time="0.050" /><testcase classname="tests.test_staar_hub.TestAuth" name="test_auth_me_without_token" time="0.049" /><testcase classname="tests.test_staar_hub.TestAuth" name="test_auth_me_invalid_token" time="0.049" /></testsuite></testsuites>